<?xml version="1.0" encoding="UTF-8"?>
<!-- Generated by org.testng.reporters.JUnitReportReporter -->
<testsuite hostname="DESKTOP-ESTJER3" name="com.quocphaminc.bowlingscorecalculator.BowlingGameNGTest" tests="6" failures="0" timestamp="14 May 2018 01:11:20 GMT" time="0.063" errors="0">
  <testcase name="testParseAllStrikes" time="0.000" classname="com.quocphaminc.bowlingscorecalculator.BowlingGameNGTest"/>
  <testcase name="testComputeAllOpenFrames" time="0.063" classname="com.quocphaminc.bowlingscorecalculator.BowlingGameNGTest"/>
  <testcase name="testComputeTotalAllStrikes" time="0.000" classname="com.quocphaminc.bowlingscorecalculator.BowlingGameNGTest"/>
  <testcase name="testParseMixedSFrames" time="0.000" classname="com.quocphaminc.bowlingscorecalculator.BowlingGameNGTest"/>
  <testcase name="testComputeAllSpares" time="0.000" classname="com.quocphaminc.bowlingscorecalculator.BowlingGameNGTest"/>
  <testcase name="testParseAllOpenFrames" time="0.000" classname="com.quocphaminc.bowlingscorecalculator.BowlingGameNGTest"/>
</testsuite> <!-- com.quocphaminc.bowlingscorecalculator.BowlingGameNGTest -->
