<?xml version="1.0" encoding="UTF-8"?>
<!-- Generated by org.testng.reporters.JUnitReportReporter -->
<testsuite hostname="DESKTOP-ESTJER3" name="com.quocphaminc.bowlingscorecalculator.FrameNGTest" tests="3" failures="0" timestamp="14 May 2018 01:11:20 GMT" time="0.000" errors="0">
  <testcase name="testAddRoll" time="0.000" classname="com.quocphaminc.bowlingscorecalculator.FrameNGTest"/>
  <testcase name="testCreateFrame" time="0.000" classname="com.quocphaminc.bowlingscorecalculator.FrameNGTest"/>
  <testcase name="testAddBonus" time="0.000" classname="com.quocphaminc.bowlingscorecalculator.FrameNGTest"/>
</testsuite> <!-- com.quocphaminc.bowlingscorecalculator.FrameNGTest -->
